<?xml version="1.0" encoding="UTF-8"?>
<coverage generated="1675196293563" clover="3.2.0">
  <project timestamp="1675196293563" name="All files">
    <metrics statements="30" coveredstatements="27" conditionals="0" coveredconditionals="0" methods="8" coveredmethods="5" elements="38" coveredelements="32" complexity="0" loc="30" ncloc="30" packages="1" files="8" classes="8"/>
    <file name="absolute.js" path="/home/iago/Projetos/sum_application/src/absolute.js">
      <metrics statements="2" coveredstatements="1" conditionals="0" coveredconditionals="0" methods="1" coveredmethods="0"/>
      <line num="2" count="0" type="stmt"/>
      <line num="5" count="1" type="stmt"/>
    </file>
    <file name="app.js" path="/home/iago/Projetos/sum_application/src/app.js">
      <metrics statements="16" coveredstatements="16" conditionals="0" coveredconditionals="0" methods="1" coveredmethods="1"/>
      <line num="1" count="1" type="stmt"/>
      <line num="2" count="1" type="stmt"/>
      <line num="3" count="1" type="stmt"/>
      <line num="4" count="1" type="stmt"/>
      <line num="5" count="1" type="stmt"/>
      <line num="6" count="1" type="stmt"/>
      <line num="7" count="1" type="stmt"/>
      <line num="10" count="2" type="stmt"/>
      <line num="11" count="2" type="stmt"/>
      <line num="13" count="2" type="stmt"/>
      <line num="15" count="2" type="stmt"/>
      <line num="16" count="2" type="stmt"/>
      <line num="17" count="2" type="stmt"/>
      <line num="19" count="2" type="stmt"/>
      <line num="22" count="1" type="stmt"/>
      <line num="24" count="1" type="stmt"/>
    </file>
    <file name="division.js" path="/home/iago/Projetos/sum_application/src/division.js">
      <metrics statements="2" coveredstatements="2" conditionals="0" coveredconditionals="0" methods="1" coveredmethods="1"/>
      <line num="2" count="3" type="stmt"/>
      <line num="5" count="2" type="stmt"/>
    </file>
    <file name="multiplication.js" path="/home/iago/Projetos/sum_application/src/multiplication.js">
      <metrics statements="2" coveredstatements="2" conditionals="0" coveredconditionals="0" methods="1" coveredmethods="1"/>
      <line num="2" count="3" type="stmt"/>
      <line num="5" count="2" type="stmt"/>
    </file>
    <file name="pow.js" path="/home/iago/Projetos/sum_application/src/pow.js">
      <metrics statements="2" coveredstatements="1" conditionals="0" coveredconditionals="0" methods="1" coveredmethods="0"/>
      <line num="2" count="0" type="stmt"/>
      <line num="5" count="1" type="stmt"/>
    </file>
    <file name="square_root.js" path="/home/iago/Projetos/sum_application/src/square_root.js">
      <metrics statements="2" coveredstatements="1" conditionals="0" coveredconditionals="0" methods="1" coveredmethods="0"/>
      <line num="2" count="0" type="stmt"/>
      <line num="5" count="1" type="stmt"/>
    </file>
    <file name="subtract.js" path="/home/iago/Projetos/sum_application/src/subtract.js">
      <metrics statements="2" coveredstatements="2" conditionals="0" coveredconditionals="0" methods="1" coveredmethods="1"/>
      <line num="2" count="3" type="stmt"/>
      <line num="5" count="2" type="stmt"/>
    </file>
    <file name="sum.js" path="/home/iago/Projetos/sum_application/src/sum.js">
      <metrics statements="2" coveredstatements="2" conditionals="0" coveredconditionals="0" methods="1" coveredmethods="1"/>
      <line num="2" count="3" type="stmt"/>
      <line num="5" count="2" type="stmt"/>
    </file>
  </project>
</coverage>
