TN:
SF:src/absolute.js
FN:1,absolute
FNF:1
FNH:1
FNDA:2,absolute
DA:2,2
DA:5,2
LF:2
LH:2
BRF:0
BRH:0
end_of_record
TN:
SF:src/app.js
FN:9,app
FNF:1
FNH:1
FNDA:2,app
DA:1,1
DA:2,1
DA:3,1
DA:4,1
DA:5,1
DA:6,1
DA:7,1
DA:10,2
DA:11,2
DA:13,2
DA:15,2
DA:16,2
DA:17,2
DA:18,2
DA:21,1
DA:23,1
LF:16
LH:16
BRF:0
BRH:0
end_of_record
TN:
SF:src/division.js
FN:1,division
FNF:1
FNH:1
FNDA:3,division
DA:2,3
DA:5,2
LF:2
LH:2
BRF:0
BRH:0
end_of_record
TN:
SF:src/multiplication.js
FN:1,multiplication
FNF:1
FNH:1
FNDA:3,multiplication
DA:2,3
DA:5,2
LF:2
LH:2
BRF:0
BRH:0
end_of_record
TN:
SF:src/pow.js
FN:1,pow
FNF:1
FNH:0
FNDA:0,pow
DA:2,0
DA:5,1
LF:2
LH:1
BRF:0
BRH:0
end_of_record
TN:
SF:src/square_root.js
FN:1,squareRoot
FNF:1
FNH:0
FNDA:0,squareRoot
DA:2,0
DA:5,1
LF:2
LH:1
BRF:0
BRH:0
end_of_record
TN:
SF:src/subtract.js
FN:1,subtract
FNF:1
FNH:1
FNDA:3,subtract
DA:2,3
DA:5,2
LF:2
LH:2
BRF:0
BRH:0
end_of_record
TN:
SF:src/sum.js
FN:1,sum
FNF:1
FNH:1
FNDA:3,sum
DA:2,3
DA:5,2
LF:2
LH:2
BRF:0
BRH:0
end_of_record
